<?xml version="1.0" encoding="UTF-8"?>
<!-- Generated by org.testng.reporters.JUnitReportReporter -->
<testsuite hostname="PraiseBeToAllah" failures="0" tests="4" name="Lab9_TestNG.Lab3_TestNG" time="32.805" errors="0" timestamp="2025-08-26T23:22:31 IST" skipped="0">
  <testcase classname="Lab9_TestNG.Lab3_TestNG" name="f" time="7.689"/>
  <system-out/>
  <testcase classname="Lab9_TestNG.Lab3_TestNG" name="f" time="9.599"/>
  <system-out/>
  <testcase classname="Lab9_TestNG.Lab3_TestNG" name="f" time="7.428"/>
  <system-out/>
  <testcase classname="Lab9_TestNG.Lab3_TestNG" name="f" time="8.089"/>
  <system-out/>
</testsuite> <!-- Lab9_TestNG.Lab3_TestNG -->
