<?xml version="1.0" encoding="UTF-8"?>
<!-- Generated by org.testng.reporters.JUnitReportReporter -->
<testsuite hostname="PraiseBeToAllah" failures="0" tests="1" name="Test_Practice.TC12_Screenshot" time="10.986" errors="0" timestamp="2025-08-29T10:48:20 IST" skipped="0">
  <testcase classname="Test_Practice.TC12_Screenshot" name="screenshot" time="10.986"/>
  <system-out/>
</testsuite> <!-- Test_Practice.TC12_Screenshot -->
