<?xml version="1.0" encoding="UTF-8"?>
<!-- Generated by org.testng.reporters.JUnitReportReporter -->
<testsuite hostname="PraiseBeToAllah" failures="0" tests="2" name="Lab8_TestNG.Lab4_TestNG" time="23.479" errors="0" timestamp="2025-08-26T18:30:45 IST" skipped="0">
  <testcase classname="Lab8_TestNG.Lab4_TestNG" name="f" time="13.917"/>
  <system-out/>
  <testcase classname="Lab8_TestNG.Lab4_TestNG" name="f" time="9.562"/>
  <system-out/>
</testsuite> <!-- Lab8_TestNG.Lab4_TestNG -->
