<?xml version="1.0" encoding="UTF-8"?>
<!-- Generated by org.testng.reporters.JUnitReportReporter -->
<testsuite hostname="PraiseBeToAllah" failures="0" tests="4" name="Lab9_TestNG.Lab4_TestNG" time="21.006" errors="0" timestamp="2025-08-26T23:22:31 IST" skipped="0">
  <testcase classname="Lab9_TestNG.Lab4_TestNG" name="f" time="5.499"/>
  <system-out/>
  <testcase classname="Lab9_TestNG.Lab4_TestNG" name="f" time="5.186"/>
  <system-out/>
  <testcase classname="Lab9_TestNG.Lab4_TestNG" name="f" time="5.383"/>
  <system-out/>
  <testcase classname="Lab9_TestNG.Lab4_TestNG" name="f" time="4.938"/>
  <system-out/>
</testsuite> <!-- Lab9_TestNG.Lab4_TestNG -->
